<?xml version="1.0" encoding="UTF-8" standalone="no"?>
<testsuite errors="0" failures="1" name="io.cucumber.core.plugin.JUnitFormatter" skipped="0" tests="1" time="0.384">
    <testcase classname="As a librarian, I want to know what genre of books is being borrowed the most" name="verify the common book genre that’s being borrowed" time="0.039">
        <failure message="The scenario has pending or undefined step(s)" type="java.lang.Exception"><![CDATA[Given Establish the database connection.....................................undefined
When I execute query to find most popular book genre........................skipped
Then verify "Action and Adventure" is the most popular book genre...........skipped
]]></failure>
    </testcase>
</testsuite>
