<?xml version="1.0" encoding="UTF-8" standalone="no"?>
<testsuite errors="0" failures="0" name="io.cucumber.core.plugin.JUnitFormatter" skipped="0" tests="1" time="2.134">
    <testcase classname="As a librarian, I want to know what genre of books is being borrowed the most" name="Verify the common book genre that’s being borrowed" time="1.821">
        <system-out><![CDATA[Given Establish the database connection.....................................passed
When I execute query to find most popular book genre........................passed
Then verify "Action and Adventure" is the most popular book genre...........passed
]]></system-out>
    </testcase>
</testsuite>
